<?xml version="1.0" encoding="UTF-8"?>
<!-- Generated by org.testng.reporters.JUnitReportReporter -->
<testsuite hostname="Asfak" failures="0" tests="1" name="com.quander.testscript.CreatePurchaseOrder" time="9.337" errors="0" timestamp="2024-12-25T23:33:41 IST" skipped="0">
  <testcase classname="com.quander.testscript.CreatePurchaseOrder" name="createPurchaseOrder" time="9.337"/>
</testsuite> <!-- com.quander.testscript.CreatePurchaseOrder -->
