<?xml version="1.0" encoding="UTF-8"?>
<!-- Generated by org.testng.reporters.JUnitReportReporter -->
<testsuite hostname="Asfak" failures="0" tests="1" name="com.quander.testscript.CreatePurchaseOrder" time="10.619" errors="0" timestamp="2024-12-26T11:34:00 IST" skipped="0">
  <testcase classname="com.quander.testscript.CreatePurchaseOrder" name="createPurchaseOrder" time="10.619"/>
</testsuite> <!-- com.quander.testscript.CreatePurchaseOrder -->
