<?xml version="1.0" encoding="UTF-8"?>
<!-- Generated by org.testng.reporters.JUnitReportReporter -->
<testsuite hostname="Asfak" failures="0" tests="1" name="com.quander.testscript.CheckBaseClass" time="0.992" errors="0" timestamp="2024-12-25T13:53:12 IST" skipped="0">
  <testcase classname="com.quander.testscript.CheckBaseClass" name="checkMethod" time="0.992">
    <system-out>
      <![CDATA[success]]>
    </system-out>
  </testcase> <!-- checkMethod -->
  <system-out>
    <![CDATA[success]]>
  </system-out>
</testsuite> <!-- com.quander.testscript.CheckBaseClass -->
