<?xml version="1.0" encoding="UTF-8"?>
<!-- Generated by org.testng.reporters.JUnitReportReporter -->
<testsuite hostname="Asfak" failures="0" tests="1" name="com.quander.testscript.CreateContact" time="6.154" errors="0" timestamp="2024-12-25T14:22:55 IST" skipped="0">
  <testcase classname="com.quander.testscript.CreateContact" name="createContact" time="6.154"/>
</testsuite> <!-- com.quander.testscript.CreateContact -->
