<?xml version="1.0" encoding="UTF-8"?>
<!-- Generated by org.testng.reporters.JUnitReportReporter -->
<testsuite hostname="Asfak" failures="0" tests="1" name="com.quander.testscript.CreateAccount" time="4.267" errors="0" timestamp="2024-12-25T19:54:26 IST" skipped="0">
  <testcase classname="com.quander.testscript.CreateAccount" name="createAccount" time="4.267"/>
</testsuite> <!-- com.quander.testscript.CreateAccount -->
